mode: count
github.com/masonbesmer/CSCE4600/Project2/builtins/alias.go:11.53,12.19 1 5
github.com/masonbesmer/CSCE4600/Project2/builtins/alias.go:13.9,14.39 1 2
github.com/masonbesmer/CSCE4600/Project2/builtins/alias.go:14.39,16.4 1 1
github.com/masonbesmer/CSCE4600/Project2/builtins/alias.go:17.3,17.24 1 2
github.com/masonbesmer/CSCE4600/Project2/builtins/alias.go:17.24,19.4 1 1
github.com/masonbesmer/CSCE4600/Project2/builtins/alias.go:20.3,20.13 1 2
github.com/masonbesmer/CSCE4600/Project2/builtins/alias.go:21.9,23.38 1 2
github.com/masonbesmer/CSCE4600/Project2/builtins/alias.go:23.38,26.4 2 1
github.com/masonbesmer/CSCE4600/Project2/builtins/alias.go:27.3,27.39 1 1
github.com/masonbesmer/CSCE4600/Project2/builtins/alias.go:28.10,31.13 2 1
github.com/masonbesmer/CSCE4600/Project2/builtins/alias.go:35.43,37.2 1 0
github.com/masonbesmer/CSCE4600/Project2/builtins/cd.go:14.44,15.19 1 4
github.com/masonbesmer/CSCE4600/Project2/builtins/cd.go:16.9,17.20 1 2
github.com/masonbesmer/CSCE4600/Project2/builtins/cd.go:17.20,19.4 1 1
github.com/masonbesmer/CSCE4600/Project2/builtins/cd.go:20.3,20.27 1 1
github.com/masonbesmer/CSCE4600/Project2/builtins/cd.go:21.9,22.27 1 1
github.com/masonbesmer/CSCE4600/Project2/builtins/cd.go:23.10,24.90 1 1
github.com/masonbesmer/CSCE4600/Project2/builtins/env.go:10.62,12.33 2 3
github.com/masonbesmer/CSCE4600/Project2/builtins/env.go:12.33,13.22 1 3
github.com/masonbesmer/CSCE4600/Project2/builtins/env.go:13.22,14.23 1 3
github.com/masonbesmer/CSCE4600/Project2/builtins/env.go:14.23,16.5 1 1
github.com/masonbesmer/CSCE4600/Project2/builtins/env.go:17.4,18.7 2 2
github.com/masonbesmer/CSCE4600/Project2/builtins/env.go:22.2,23.35 2 2
github.com/masonbesmer/CSCE4600/Project2/builtins/env.go:23.35,25.30 2 152
github.com/masonbesmer/CSCE4600/Project2/builtins/env.go:25.30,26.37 1 153
github.com/masonbesmer/CSCE4600/Project2/builtins/env.go:26.37,28.10 2 2
github.com/masonbesmer/CSCE4600/Project2/builtins/env.go:31.3,31.11 1 152
github.com/masonbesmer/CSCE4600/Project2/builtins/env.go:31.11,33.4 1 150
github.com/masonbesmer/CSCE4600/Project2/builtins/env.go:36.2,38.12 2 2
github.com/masonbesmer/CSCE4600/Project2/main.go:15.13,18.2 2 0
github.com/masonbesmer/CSCE4600/Project2/main.go:20.66,26.6 2 2
github.com/masonbesmer/CSCE4600/Project2/main.go:26.6,27.10 1 5169
github.com/masonbesmer/CSCE4600/Project2/main.go:28.15,30.10 2 2
github.com/masonbesmer/CSCE4600/Project2/main.go:31.11,32.41 1 5167
github.com/masonbesmer/CSCE4600/Project2/main.go:32.41,34.13 2 0
github.com/masonbesmer/CSCE4600/Project2/main.go:36.4,36.58 1 5167
github.com/masonbesmer/CSCE4600/Project2/main.go:36.58,38.13 2 5166
github.com/masonbesmer/CSCE4600/Project2/main.go:40.4,40.53 1 1
github.com/masonbesmer/CSCE4600/Project2/main.go:40.53,42.5 1 0
github.com/masonbesmer/CSCE4600/Project2/main.go:47.37,51.16 2 5167
github.com/masonbesmer/CSCE4600/Project2/main.go:51.16,53.3 1 0
github.com/masonbesmer/CSCE4600/Project2/main.go:55.2,56.16 2 5167
github.com/masonbesmer/CSCE4600/Project2/main.go:56.16,58.3 1 0
github.com/masonbesmer/CSCE4600/Project2/main.go:61.2,63.12 2 5167
github.com/masonbesmer/CSCE4600/Project2/main.go:66.73,74.46 4 2
github.com/masonbesmer/CSCE4600/Project2/main.go:74.46,75.16 1 2
github.com/masonbesmer/CSCE4600/Project2/main.go:75.16,81.4 4 1
github.com/masonbesmer/CSCE4600/Project2/main.go:86.2,86.14 1 2
github.com/masonbesmer/CSCE4600/Project2/main.go:87.15,88.42 1 0
github.com/masonbesmer/CSCE4600/Project2/main.go:89.12,90.43 1 0
github.com/masonbesmer/CSCE4600/Project2/main.go:91.13,92.51 1 0
github.com/masonbesmer/CSCE4600/Project2/main.go:93.14,95.13 2 1
github.com/masonbesmer/CSCE4600/Project2/main.go:98.2,98.38 1 1
github.com/masonbesmer/CSCE4600/Project2/main.go:101.55,111.2 4 1
